app/[locale]/[category-slug]/page.tsx(94,9): error TS2322: Type 'any[] | null' is not assignable to type 'Tag[]'.
  Type 'null' is not assignable to type 'Tag[]'.
app/admin/homepage/page.tsx(33,28): error TS2554: Expected 1 arguments, but got 0.
app/api/admin/gallery/upload/route.ts(67,7): error TS2322: Type 'Buffer<ArrayBufferLike>' is not assignable to type 'Buffer<ArrayBuffer>'.
  Type 'ArrayBufferLike' is not assignable to type 'ArrayBuffer'.
    Type 'SharedArrayBuffer' is missing the following properties from type 'ArrayBuffer': resizable, resize, detached, transfer, transferToFixedLength
components/admin/TagManager.tsx(31,28): error TS2554: Expected 1 arguments, but got 0.
components/CategorySection.tsx(95,17): error TS2322: Type '(el: HTMLDivElement | null) => HTMLDivElement | null' is not assignable to type 'Ref<HTMLDivElement> | undefined'.
  Type '(el: HTMLDivElement | null) => HTMLDivElement | null' is not assignable to type '(instance: HTMLDivElement | null) => void | (() => VoidOrUndefinedOnly)'.
    Type 'HTMLDivElement | null' is not assignable to type 'void | (() => VoidOrUndefinedOnly)'.
      Type 'null' is not assignable to type 'void | (() => VoidOrUndefinedOnly)'.
components/ContactModal.tsx(34,24): error TS7053: Element implicitly has an 'any' type because expression of type 'string | number | symbol' can't be used to index type 'Category'.
  No index signature with a parameter of type 'string' was found on type 'Category'.
components/ContactModal.tsx(34,72): error TS2304: Cannot find name 'Category'.
components/ContactModal.tsx(334,28): error TS7053: Element implicitly has an 'any' type because expression of type '`name_${string}`' can't be used to index type 'Tag'.
components/SEO.tsx(33,30): error TS2339: Property 'keywords' does not exist on type '{ siteName: string; siteDescription: string; siteUrl: string; twitterHandle: string; defaultImage: string; defaultLocale: string; locales: string[]; openGraph: { type: string; locale: string; siteName: string; images: { ...; }[]; }; twitter: { ...; }; additionalMetaTags: { ...; }[]; organizationSchema: { ...; }; }'.
components/SEO.tsx(33,72): error TS2339: Property 'keywords' does not exist on type '{ siteName: string; siteDescription: string; siteUrl: string; twitterHandle: string; defaultImage: string; defaultLocale: string; locales: string[]; openGraph: { type: string; locale: string; siteName: string; images: { ...; }[]; }; twitter: { ...; }; additionalMetaTags: { ...; }[]; organizationSchema: { ...; }; }'.
components/SEO.tsx(38,14): error TS2322: Type 'string | number | ((...strings: string[]) => string) | ((searchString: string, position?: number | undefined) => number) | { (regexp: string | RegExp): RegExpMatchArray | null; (matcher: { ...; }): RegExpMatchArray | null; } | ... 7 more ... | (() => StringIterator<...>)' is not assignable to type 'ReactNode'.
  Type '(...strings: string[]) => string' is not assignable to type 'ReactNode'.
components/SEO.tsx(39,32): error TS2322: Type 'string | number | ((...strings: string[]) => string) | ((searchString: string, position?: number | undefined) => number) | { (regexp: string | RegExp): RegExpMatchArray | null; (matcher: { ...; }): RegExpMatchArray | null; } | ... 7 more ... | (() => StringIterator<...>)' is not assignable to type 'string | undefined'.
  Type 'number' is not assignable to type 'string'.
components/SEO.tsx(46,33): error TS2322: Type 'string | number | ((...strings: string[]) => string) | ((searchString: string, position?: number | undefined) => number) | { (regexp: string | RegExp): RegExpMatchArray | null; (matcher: { ...; }): RegExpMatchArray | null; } | ... 7 more ... | (() => StringIterator<...>)' is not assignable to type 'string | undefined'.
  Type 'number' is not assignable to type 'string'.
components/SEO.tsx(47,39): error TS2322: Type 'string | number | ((...strings: string[]) => string) | ((searchString: string, position?: number | undefined) => number) | { (regexp: string | RegExp): RegExpMatchArray | null; (matcher: { ...; }): RegExpMatchArray | null; } | ... 7 more ... | (() => StringIterator<...>)' is not assignable to type 'string | undefined'.
  Type 'number' is not assignable to type 'string'.
components/SEO.tsx(56,34): error TS2322: Type 'string | number | ((...strings: string[]) => string) | ((searchString: string, position?: number | undefined) => number) | { (regexp: string | RegExp): RegExpMatchArray | null; (matcher: { ...; }): RegExpMatchArray | null; } | ... 7 more ... | (() => StringIterator<...>)' is not assignable to type 'string | undefined'.
  Type 'number' is not assignable to type 'string'.
components/SEO.tsx(57,40): error TS2322: Type 'string | number | ((...strings: string[]) => string) | ((searchString: string, position?: number | undefined) => number) | { (regexp: string | RegExp): RegExpMatchArray | null; (matcher: { ...; }): RegExpMatchArray | null; } | ... 7 more ... | (() => StringIterator<...>)' is not assignable to type 'string | undefined'.
  Type 'number' is not assignable to type 'string'.
components/SEO.tsx(77,9): error TS2741: Property '__html' is missing in type '{}' but required in type '{ __html: string | TrustedHTML; }'.
components/SEO.tsx(85,11): error TS2741: Property '__html' is missing in type '{}' but required in type '{ __html: string | TrustedHTML; }'.
components/SEO.tsx(102,36): error TS2339: Property 'contact' does not exist on type '{ siteName: string; siteDescription: string; siteUrl: string; twitterHandle: string; defaultImage: string; defaultLocale: string; locales: string[]; openGraph: { type: string; locale: string; siteName: string; images: { ...; }[]; }; twitter: { ...; }; additionalMetaTags: { ...; }[]; organizationSchema: { ...; }; }'.
lib/auth.ts(2,10): error TS2305: Module '"./auth-config"' has no exported member 'authConfig'.
lib/auth/index.ts(13,13): error TS2322: Type '(credentials: Record<"email" | "password", string> | undefined) => Promise<{ id: string; email: string | undefined; name: string | undefined; } | null>' is not assignable to type '(credentials: Record<"email" | "password", string> | undefined, req: Pick<RequestInternal, "headers" | "body" | "query" | "method">) => Awaitable<...>'.
  Type 'Promise<{ id: string; email: string | undefined; name: string | undefined; } | null>' is not assignable to type 'Awaitable<User | null>'.
    Type 'Promise<{ id: string; email: string | undefined; name: string | undefined; } | null>' is not assignable to type 'PromiseLike<User | null>'.
      Types of property 'then' are incompatible.
        Type '<TResult1 = { id: string; email: string | undefined; name: string | undefined; } | null, TResult2 = never>(onfulfilled?: ((value: { id: string; email: string | undefined; name: string | undefined; } | null) => TResult1 | PromiseLike<...>) | null | undefined, onrejected?: ((reason: any) => TResult2 | PromiseLike<...>...' is not assignable to type '<TResult1 = User | null, TResult2 = never>(onfulfilled?: ((value: User | null) => TResult1 | PromiseLike<TResult1>) | null | undefined, onrejected?: ((reason: any) => TResult2 | PromiseLike<...>) | null | undefined) => PromiseLike<...>'.
          Types of parameters 'onfulfilled' and 'onfulfilled' are incompatible.
            Types of parameters 'value' and 'value' are incompatible.
              Type '{ id: string; email: string | undefined; name: string | undefined; } | null' is not assignable to type 'User | null'.
                Property 'role' is missing in type '{ id: string; email: string | undefined; name: string | undefined; }' but required in type 'User'.
